2021-06-13 19:56:19,118 django.request WARNING  Not Found: /favicon.ico
2021-06-13 20:01:07,642 django.utils.autoreload INFO     D:\projects\MARSBACKEND\price-simulator-backend\optimiser\optimizer.py changed, reloading.
2021-06-13 20:11:54,776 django.utils.autoreload INFO     D:\projects\MARSBACKEND\price-simulator-backend\optimiser\optimizer.py changed, reloading.
2021-06-13 20:13:07,625 root         INFO     Main Funtion Begin
2021-06-13 20:13:07,625 optimiser.optimizer ERROR    Test!!
2021-06-13 20:13:08,535 root         INFO     Calculate Predict Sales
2021-06-13 20:13:08,642 root         INFO     Calculate Predict Sales
2021-06-13 22:14:20,482 django.utils.autoreload INFO     D:\projects\MARSBACKEND\price-simulator-backend\optimiser\optimizer.py changed, reloading.
2021-06-13 22:23:34,794 django.utils.autoreload INFO     D:\projects\MARSBACKEND\price-simulator-backend\core\__init__.py changed, reloading.
2021-06-13 22:24:30,153 django.utils.autoreload INFO     D:\projects\MARSBACKEND\price-simulator-backend\core\__init__.py changed, reloading.
2021-06-13 22:30:30,055 django.utils.autoreload INFO     D:\projects\MARSBACKEND\price-simulator-backend\core\signals.py changed, reloading.
2021-06-13 22:30:38,579 django.utils.autoreload INFO     D:\projects\MARSBACKEND\price-simulator-backend\core\apps.py changed, reloading.
2021-06-13 22:31:33,222 django.utils.autoreload INFO     D:\projects\MARSBACKEND\price-simulator-backend\core\apps.py changed, reloading.
2021-06-13 22:33:11,233 django.utils.autoreload INFO     D:\projects\MARSBACKEND\price-simulator-backend\core\apps.py changed, reloading.
2021-06-13 22:34:54,787 django.utils.autoreload INFO     D:\projects\MARSBACKEND\price-simulator-backend\core\apps.py changed, reloading.
2021-06-13 22:36:37,834 django.utils.autoreload INFO     D:\projects\MARSBACKEND\price-simulator-backend\core\apps.py changed, reloading.
2021-06-13 22:36:52,391 django.utils.autoreload INFO     D:\projects\MARSBACKEND\price-simulator-backend\core\__init__.py changed, reloading.
2021-06-13 22:44:13,314 django.utils.autoreload INFO     D:\projects\MARSBACKEND\price-simulator-backend\core\__init__.py changed, reloading.
2021-06-13 22:44:55,357 django.utils.autoreload INFO     D:\projects\MARSBACKEND\price-simulator-backend\core\apps.py changed, reloading.
2021-06-13 22:45:42,531 django.utils.autoreload INFO     D:\projects\MARSBACKEND\price-simulator-backend\core\signals.py changed, reloading.
2021-06-14 10:19:48,860 django.utils.autoreload INFO     D:\projects\MARSBACKEND\price-simulator-backend\core\signals.py changed, reloading.
2021-06-14 10:19:58,066 django.utils.autoreload INFO     D:\projects\MARSBACKEND\price-simulator-backend\core\signals.py changed, reloading.
2021-06-14 10:21:26,956 django.utils.autoreload INFO     D:\projects\MARSBACKEND\price-simulator-backend\core\signals.py changed, reloading.
2021-06-14 10:21:44,528 django.utils.autoreload INFO     D:\projects\MARSBACKEND\price-simulator-backend\core\apps.py changed, reloading.
2021-06-14 10:23:56,639 django.request WARNING  Not Found: /favicon.ico
2021-06-14 10:25:32,146 django.utils.autoreload INFO     D:\projects\MARSBACKEND\price-simulator-backend\core\apps.py changed, reloading.
2021-06-14 10:26:59,035 django.utils.autoreload INFO     D:\projects\MARSBACKEND\price-simulator-backend\core\models.py changed, reloading.
2021-06-14 10:27:59,206 django.utils.autoreload INFO     D:\projects\MARSBACKEND\price-simulator-backend\core\models.py changed, reloading.
2021-06-14 10:28:17,110 django.utils.autoreload INFO     D:\projects\MARSBACKEND\price-simulator-backend\core\models.py changed, reloading.
2021-06-14 10:31:26,743 django.utils.autoreload INFO     D:\projects\MARSBACKEND\price-simulator-backend\core\apps.py changed, reloading.
2021-06-14 10:31:57,483 django.utils.autoreload INFO     D:\projects\MARSBACKEND\price-simulator-backend\core\apps.py changed, reloading.
2021-06-14 10:32:43,935 django.utils.autoreload INFO     D:\projects\MARSBACKEND\price-simulator-backend\app\settings.py changed, reloading.
2021-06-14 10:33:07,816 django.utils.autoreload INFO     D:\projects\MARSBACKEND\price-simulator-backend\app\settings.py changed, reloading.
